[00:22:17 INF] AssettoServer 0.0.52+85427faad6
[00:22:18 WRN] Long welcome message detected. This will lead to crashes on CSP versions older than 0.1.77
[00:22:18 FTL] Error starting server
Autofac.Core.DependencyResolutionException: An error occurred while attempting to automatically activate registration 'Autofac.Core.ServiceRegistration'. See the inner exception for information on the source of the failure.
 ---> Autofac.Core.DependencyResolutionException: An exception was thrown while activating AssettoServer.Server.Ai.AiUpdater -> AssettoServer.Server.ACServer -> ?:AssettoServer.Server.Plugin.IAssettoServerAutostart[] -> AssettoServer.Server.Ai.AiBehavior -> ?:AssettoServer.Server.Ai.Splines.AiSpline.
 ---> AssettoServer.Server.Configuration.ConfigurationException: No ai folder found. Please put at least one AI spline fast_lane.ai(p) into C:\Program Files (x86)\Steam\steamapps\common\assettocorsa\server\content\tracks\magione\ai\
   at AssettoServer.Server.Ai.Splines.AiSplineLocator.GenerateCacheKey(String folder) in AssettoServer/Server/Ai/Splines/AiSplineLocator.cs:line 70
   at AssettoServer.Server.Ai.Splines.AiSplineLocator.Locate() in AssettoServer/Server/Ai/Splines/AiSplineLocator.cs:line 35
   at AssettoServer.Server.Ai.AiModule.<>c.<Load>b__2_0(AiSplineLocator locator) in AssettoServer/Server/Ai/AiModule.cs:line 37
   at Autofac.Core.Resolving.DelegateInvokers.DelegateInvoker1`2.ResolveWithDelegate(IComponentContext context, IEnumerable`1 parameters)
   at Autofac.Builder.RegistrationBuilder.<>c__DisplayClass0_0`1.<ForDelegate>b__0(IComponentContext c, IEnumerable`1 p)
   at Autofac.Core.Activators.Delegate.DelegateActivator.ActivateInstance(IComponentContext context, IEnumerable`1 parameters)
   at Autofac.Core.Activators.Delegate.DelegateActivator.<ConfigurePipeline>b__2_0(ResolveRequestContext ctxt, Action`1 next)
   at Autofac.Core.Resolving.Middleware.DelegateMiddleware.Execute(ResolveRequestContext context, Action`1 next)
   at Autofac.Core.Resolving.Pipeline.ResolvePipelineBuilder.<>c__DisplayClass14_0.<BuildPipeline>b__1(ResolveRequestContext ctxt)
   at Autofac.Core.Resolving.Middleware.DisposalTrackingMiddleware.Execute(ResolveRequestContext context, Action`1 next)
   at Autofac.Core.Resolving.Pipeline.ResolvePipelineBuilder.<>c__DisplayClass14_0.<BuildPipeline>b__1(ResolveRequestContext ctxt)
   at Autofac.Core.Resolving.Middleware.ActivatorErrorHandlingMiddleware.Execute(ResolveRequestContext context, Action`1 next)
   --- End of inner exception stack trace ---
   at Autofac.Core.Resolving.Middleware.ActivatorErrorHandlingMiddleware.Execute(ResolveRequestContext context, Action`1 next)
   at Autofac.Core.Resolving.Pipeline.ResolvePipelineBuilder.<>c__DisplayClass14_0.<BuildPipeline>b__1(ResolveRequestContext ctxt)
   at Autofac.Core.Pipeline.ResolvePipeline.Invoke(ResolveRequestContext ctxt)
   at Autofac.Core.Resolving.Middleware.RegistrationPipelineInvokeMiddleware.Execute(ResolveRequestContext context, Action`1 next)
   at Autofac.Core.Resolving.Pipeline.ResolvePipelineBuilder.<>c__DisplayClass14_0.<BuildPipeline>b__1(ResolveRequestContext ctxt)
   at Autofac.Core.Resolving.Middleware.SharingMiddleware.<>c__DisplayClass5_0.<Execute>b__0()
   at Autofac.Core.Lifetime.LifetimeScope.CreateSharedInstance(Guid id, Func`1 creator)
   at Autofac.Core.Lifetime.LifetimeScope.CreateSharedInstance(Guid primaryId, Nullable`1 qualifyingId, Func`1 creator)
   at Autofac.Core.Resolving.Middleware.SharingMiddleware.Execute(ResolveRequestContext context, Action`1 next)
   at Autofac.Core.Resolving.Pipeline.ResolvePipelineBuilder.<>c__DisplayClass14_0.<BuildPipeline>b__1(ResolveRequestContext ctxt)
   at Autofac.Core.Resolving.Pipeline.ResolvePipelineBuilder.<>c__DisplayClass14_0.<BuildPipeline>b__1(ResolveRequestContext ctxt)
   at Autofac.Core.Resolving.Middleware.CircularDependencyDetectorMiddleware.Execute(ResolveRequestContext context, Action`1 next)
   at Autofac.Core.Resolving.Pipeline.ResolvePipelineBuilder.<>c__DisplayClass14_0.<BuildPipeline>b__1(ResolveRequestContext ctxt)
   at Autofac.Core.Pipeline.ResolvePipeline.Invoke(ResolveRequestContext ctxt)
   at Autofac.Core.Resolving.ResolveOperation.GetOrCreateInstance(ISharingLifetimeScope currentOperationScope, ResolveRequest request)
   at Autofac.Core.Resolving.ResolveOperation.ExecuteOperation(ResolveRequest request)
   at Autofac.Core.Resolving.ResolveOperation.Execute(ResolveRequest request)
   at Autofac.Core.Lifetime.LifetimeScope.ResolveComponent(ResolveRequest request)
   at Autofac.Core.Container.ResolveComponent(ResolveRequest request)
   at Autofac.Builder.StartableManager.StartStartableComponents(IDictionary`2 properties, IComponentContext componentContext)
   --- End of inner exception stack trace ---
   at Autofac.Builder.StartableManager.StartStartableComponents(IDictionary`2 properties, IComponentContext componentContext)
   at Autofac.ContainerBuilder.Build(ContainerBuildOptions options)
   at Autofac.Extensions.DependencyInjection.AutofacServiceProviderFactory.CreateServiceProvider(ContainerBuilder containerBuilder)
   at Microsoft.Extensions.Hosting.HostBuilder.InitializeServiceProvider()
   at Microsoft.Extensions.Hosting.HostBuilder.Build()
   at AssettoServer.Program.Main(String[] args) in AssettoServer/Program.cs:line 131

様様様様様様様様様様様様様様様様様様様様様様様様様様様様様様様様様様様様様様様様様様様様様様様様様様様
No ai folder found. Please put at least one AI spline fast_lane.ai(p) into C:\Program Files (x86)\Steam\steamapps\common\assettocorsa\server\content\tracks\magione\ai\
様様様様様様様様様様様様様様様様様様様様様様様様様様様様様様様様様様様様様様様様様様様様様様様様様様様
AssettoServer has failed to start. Here is what to try next:
- Read the above error message carefully
- Read the documentation: https://assettoserver.org/
- Ask for help in the official AssettoServer Discord: https://discord.gg/uXEXRcSkyz

Please make sure that you downloaded AssettoServer from the official website.
Security of the files cannot be guaranteed if you downloaded it from a random YouTube video
or another Discord server.
様様様様様様様様様様様様様様様様様様様様様様様様様様様様様様様様様様様様様様様様様様様様様様様様様様様
Press W to go to the AssettoServer website
Press D to join the official Discord server
Press any other key to exit
